<?xml version="1.0" encoding="UTF-8"?>
<!-- Generated by org.testng.reporters.JUnitXMLReporter -->
<testsuite hostname="hp-PC" ignored="0" name="Test_shree" tests="4" failures="0" timestamp="14 Feb 2018 06:16:24 GMT" time="0.139" errors="0">
  <testcase name="testcase" time="0.041" classname="mine_failTc.Tescase4"/>
  <testcase name="testcase" time="0.003" classname="mine_failTc.Tescase3"/>
  <testcase name="testcase" time="0.001" classname="mine_failTc.Tescase2"/>
  <testcase name="testcase" time="0.002" classname="mine_failTc.Tescase1"/>
</testsuite> <!-- Test_shree -->
