<?xml version="1.0" encoding="UTF-8"?>
<!-- Generated by org.testng.reporters.JUnitXMLReporter -->
<testsuite hostname="hp-PC" ignored="0" name="Test" tests="4" failures="1" timestamp="20 Jun 2017 09:05:23 GMT" time="0.065" errors="0">
  <testcase name="testcase" time="0.016" classname="mine_failTc.Tescase4">
    <failure type="java.lang.AssertionError" message="expected [true] but found [false]">
      <![CDATA[java.lang.AssertionError: expected [true] but found [false]
	at mine_failTc.Tescase4.testcase(Tescase4.java:14)
... Removed 29 stack frames]]>
    </failure>
  </testcase> <!-- testcase -->
  <testcase name="testcase" time="0.002" classname="mine_failTc.Tescase3"/>
  <testcase name="testcase" time="0.002" classname="mine_failTc.Tescase2"/>
  <testcase name="testcase" time="0.001" classname="mine_failTc.Tescase1"/>
</testsuite> <!-- Test -->
