<?xml version="1.0" encoding="UTF-8"?>
<!-- Generated by org.testng.reporters.JUnitXMLReporter -->
<testsuite hostname="hp-PC" ignored="0" name="Test(failed)" tests="1" failures="1" timestamp="20 Jun 2017 08:39:16 GMT" time="0.058" errors="0">
  <testcase name="testcase" time="0.018" classname="mine_failTc.Tescase3">
    <failure type="java.lang.AssertionError" message="expected [true] but found [false]">
      <![CDATA[java.lang.AssertionError: expected [true] but found [false]
	at mine_failTc.Tescase3.testcase(Tescase3.java:14)
... Removed 29 stack frames]]>
    </failure>
  </testcase> <!-- testcase -->
</testsuite> <!-- Test(failed) -->
