<?xml version="1.0" encoding="UTF-8"?>
<!-- Generated by org.testng.reporters.JUnitXMLReporter -->
<testsuite hostname="hp-PC" ignored="0" name="Test" tests="3" failures="0" timestamp="20 Jun 2017 10:51:14 GMT" time="0.062" errors="0">
  <testcase name="C" time="0.015" classname="threadPractise.PractiseThread"/>
  <testcase name="B" time="0.015" classname="threadPractise.PractiseThread"/>
  <testcase name="A" time="0.015" classname="threadPractise.PractiseThread"/>
</testsuite> <!-- Test -->
