<?xml version="1.0" encoding="UTF-8"?>
<!-- Generated by org.testng.reporters.JUnitXMLReporter -->
<testsuite hostname="hp-PC" ignored="0" name="Test_1234" tests="4" failures="0" timestamp="16 Feb 2018 08:11:38 GMT" time="0.068" errors="0">
  <testcase name="testcase" time="0.017" classname="mine_failTc.Tescase4"/>
  <testcase name="testcase" time="0.002" classname="mine_failTc.Tescase3"/>
  <testcase name="testcase" time="0.003" classname="mine_failTc.Tescase2"/>
  <testcase name="testcase" time="0.002" classname="mine_failTc.Tescase1"/>
</testsuite> <!-- Test_1234 -->
