<?xml version="1.0" encoding="UTF-8"?>
<!-- Generated by org.testng.reporters.JUnitXMLReporter -->
<testsuite hostname="hp-PC" ignored="0" name="Test(failed)" tests="1" failures="1" timestamp="20 Jun 2017 09:09:15 GMT" time="0.032" errors="0">
  <testcase name="testcase" time="0.01" classname="mine_failTc.Tescase4">
    <failure type="java.lang.AssertionError" message="expected [true] but found [false]">
      <![CDATA[java.lang.AssertionError: expected [true] but found [false]
	at mine_failTc.Tescase4.testcase(Tescase4.java:14)
	at runner.Testrunner.main(Testrunner.java:20)
... Removed 26 stack frames]]>
    </failure>
  </testcase> <!-- testcase -->
</testsuite> <!-- Test(failed) -->
